<?xml version="1.0" encoding="UTF-8"?>
<testsuite xmlns:xsi="http://www.w3.org/2001/XMLSchema-instance" xsi:noNamespaceSchemaLocation="https://maven.apache.org/surefire/maven-surefire-plugin/xsd/surefire-test-report.xsd" name="com.nordigy.testrestapi.RestApiTests" time="34.618" tests="2" errors="0" skipped="0" failures="1">
  <properties>
[...]
</properties>
  <testcase name="shouldCreateNewUser" classname="com.nordigy.testrestapi.RestApiTests" time="8.163">
    <failure message="&#10;Expecting:&#10; &lt;{&quot;id&quot;:21,&quot;firstName&quot;:&quot;Ivan&quot;,&quot;lastName&quot;:&quot;Ivanov&quot;,&quot;email&quot;:&quot;asdas@asdas.tr&quot;,&quot;dayOfBirth&quot;:&quot;2000-01-01&quot;,&quot;_links&quot;:{&quot;self&quot;:{&quot;href&quot;:&quot;http://localhost:56574/api/users/21&quot;},&quot;user&quot;:{&quot;href&quot;:&quot;http://localhost:56574/api/users/21&quot;}}}&gt;&#10;to be equal to:&#10; &lt;{&quot;firstName&quot;:&quot;Ivan&quot;,&quot;lastName&quot;:&quot;Ivanov&quot;,&quot;dayOfBirth&quot;:&quot;2000-01-01&quot;,&quot;email&quot;:&quot;asdas@asdas.tr&quot;}&gt;&#10;but was not." type="org.opentest4j.AssertionFailedError"><![CDATA[org.opentest4j.AssertionFailedError: 

Expecting:
 <{"id":21,"firstName":"Ivan","lastName":"Ivanov","email":"asdas@asdas.tr","dayOfBirth":"2000-01-01","_links":{"self":{"href":"http://localhost:56574/api/users/21"},"user":{"href":"http://localhost:56574/api/users/21"}}}>
to be equal to:
 <{"firstName":"Ivan","lastName":"Ivanov","dayOfBirth":"2000-01-01","email":"asdas@asdas.tr"}>
but was not.
	at com.nordigy.testrestapi.RestApiTests.shouldCreateNewUser(RestApiTests.java:61)
]]></failure>
    <system-out><![CDATA[01:38:24.698 [main] DEBUG org.springframework.test.context.BootstrapUtils - Instantiating CacheAwareContextLoaderDelegate from class [org.springframework.test.context.cache.DefaultCacheAwareContextLoaderDelegate]
01:38:24.719 [main] DEBUG org.springframework.test.context.BootstrapUtils - Instantiating BootstrapContext using constructor [public org.springframework.test.context.support.DefaultBootstrapContext(java.lang.Class,org.springframework.test.context.CacheAwareContextLoaderDelegate)]
01:38:24.773 [main] DEBUG org.springframework.test.context.BootstrapUtils - Instantiating TestContextBootstrapper for test class [com.nordigy.testrestapi.RestApiTests] from class [org.springframework.boot.test.context.SpringBootTestContextBootstrapper]
01:38:24.812 [main] INFO org.springframework.boot.test.context.SpringBootTestContextBootstrapper - Neither @ContextConfiguration nor @ContextHierarchy found for test class [com.nordigy.testrestapi.RestApiTests], using SpringBootContextLoader
01:38:24.819 [main] DEBUG org.springframework.test.context.support.AbstractContextLoader - Did not detect default resource location for test class [com.nordigy.testrestapi.RestApiTests]: class path resource [com/nordigy/testrestapi/RestApiTests-context.xml] does not exist
01:38:24.823 [main] DEBUG org.springframework.test.context.support.AbstractContextLoader - Did not detect default resource location for test class [com.nordigy.testrestapi.RestApiTests]: class path resource [com/nordigy/testrestapi/RestApiTestsContext.groovy] does not exist
01:38:24.824 [main] INFO org.springframework.test.context.support.AbstractContextLoader - Could not detect default resource locations for test class [com.nordigy.testrestapi.RestApiTests]: no resource found for suffixes {-context.xml, Context.groovy}.
01:38:24.826 [main] INFO org.springframework.test.context.support.AnnotationConfigContextLoaderUtils - Could not detect default configuration classes for test class [com.nordigy.testrestapi.RestApiTests]: RestApiTests does not declare any static, non-private, non-final, nested classes annotated with @Configuration.
01:38:24.906 [main] DEBUG org.springframework.test.context.support.ActiveProfilesUtils - Could not find an 'annotation declaring class' for annotation type [org.springframework.test.context.ActiveProfiles] and class [com.nordigy.testrestapi.RestApiTests]
01:38:25.028 [main] DEBUG org.springframework.context.annotation.ClassPathScanningCandidateComponentProvider - Identified candidate component class: file [D:\work\Test task (Contact Center)\test-rest-api-master\target\classes\com\nordigy\testrestapi\TestRestApiApplication.class]
01:38:25.031 [main] INFO org.springframework.boot.test.context.SpringBootTestContextBootstrapper - Found @SpringBootConfiguration com.nordigy.testrestapi.TestRestApiApplication for test class com.nordigy.testrestapi.RestApiTests
01:38:25.442 [main] DEBUG org.springframework.boot.test.context.SpringBootTestContextBootstrapper - @TestExecutionListeners is not present for class [com.nordigy.testrestapi.RestApiTests]: using defaults.
01:38:25.443 [main] INFO org.springframework.boot.test.context.SpringBootTestContextBootstrapper - Loaded default TestExecutionListener class names from location [META-INF/spring.factories]: [org.springframework.boot.test.mock.mockito.MockitoTestExecutionListener, org.springframework.boot.test.mock.mockito.ResetMocksTestExecutionListener, org.springframework.boot.test.autoconfigure.restdocs.RestDocsTestExecutionListener, org.springframework.boot.test.autoconfigure.web.client.MockRestServiceServerResetTestExecutionListener, org.springframework.boot.test.autoconfigure.web.servlet.MockMvcPrintOnlyOnFailureTestExecutionListener, org.springframework.boot.test.autoconfigure.web.servlet.WebDriverTestExecutionListener, org.springframework.boot.test.autoconfigure.webservices.client.MockWebServiceServerTestExecutionListener, org.springframework.test.context.web.ServletTestExecutionListener, org.springframework.test.context.support.DirtiesContextBeforeModesTestExecutionListener, org.springframework.test.context.support.DependencyInjectionTestExecutionListener, org.springframework.test.context.support.DirtiesContextTestExecutionListener, org.springframework.test.context.transaction.TransactionalTestExecutionListener, org.springframework.test.context.jdbc.SqlScriptsTestExecutionListener, org.springframework.test.context.event.EventPublishingTestExecutionListener]
01:38:25.488 [main] INFO org.springframework.boot.test.context.SpringBootTestContextBootstrapper - Using TestExecutionListeners: [org.springframework.test.context.web.ServletTestExecutionListener@16639ed1, org.springframework.test.context.support.DirtiesContextBeforeModesTestExecutionListener@3c3b0358, org.springframework.boot.test.mock.mockito.MockitoTestExecutionListener@9079f9a0, org.springframework.boot.test.autoconfigure.SpringBootDependencyInjectionTestExecutionListener@6427d96f, org.springframework.test.context.support.DirtiesContextTestExecutionListener@bb107ee6, org.springframework.test.context.transaction.TransactionalTestExecutionListener@dbd3ffac, org.springframework.test.context.jdbc.SqlScriptsTestExecutionListener@d2235065, org.springframework.test.context.event.EventPublishingTestExecutionListener@e257cea0, org.springframework.boot.test.mock.mockito.ResetMocksTestExecutionListener@13caa1e0, org.springframework.boot.test.autoconfigure.restdocs.RestDocsTestExecutionListener@6d167a03, org.springframework.boot.test.autoconfigure.web.client.MockRestServiceServerResetTestExecutionListener@7f5a7689, org.springframework.boot.test.autoconfigure.web.servlet.MockMvcPrintOnlyOnFailureTestExecutionListener@e9ac80c2, org.springframework.boot.test.autoconfigure.web.servlet.WebDriverTestExecutionListener@282dd3e2, org.springframework.boot.test.autoconfigure.webservices.client.MockWebServiceServerTestExecutionListener@ec51c3b]
01:38:25.504 [main] DEBUG org.springframework.test.context.support.AbstractDirtiesContextTestExecutionListener - Before test class: context [DefaultTestContext@fe0413f4 testClass = RestApiTests, testInstance = [null], testMethod = [null], testException = [null], mergedContextConfiguration = [WebMergedContextConfiguration@66713d50 testClass = RestApiTests, locations = '{}', classes = '{class com.nordigy.testrestapi.TestRestApiApplication}', contextInitializerClasses = '[]', activeProfiles = '{}', propertySourceLocations = '{}', propertySourceProperties = '{org.springframework.boot.test.context.SpringBootTestContextBootstrapper=true, server.port=0}', contextCustomizers = set[org.springframework.boot.test.context.filter.ExcludeFilterContextCustomizer@dcdebabc, org.springframework.boot.test.json.DuplicateJsonObjectContextCustomizerFactory$DuplicateJsonObjectContextCustomizer@974a0421, org.springframework.boot.test.mock.mockito.MockitoContextCustomizer@0, org.springframework.boot.test.web.client.TestRestTemplateContextCustomizer@5ac0f9d0, org.springframework.boot.test.autoconfigure.properties.PropertyMappingContextCustomizer@0, org.springframework.boot.test.autoconfigure.web.servlet.WebDriverContextCustomizerFactory$Customizer@b4fa2916, org.springframework.boot.test.context.SpringBootTestArgs@1], resourceBasePath = 'src/main/webapp', contextLoader = 'org.springframework.boot.test.context.SpringBootContextLoader', parent = [null]], attributes = map['org.springframework.test.context.web.ServletTestExecutionListener.activateListener' -> false]], class annotated with @DirtiesContext [true] with mode [BEFORE_EACH_TEST_METHOD].
01:38:25.545 [main] DEBUG org.springframework.test.context.support.DependencyInjectionTestExecutionListener - Performing dependency injection for test context [[DefaultTestContext@fe0413f4 testClass = RestApiTests, testInstance = com.nordigy.testrestapi.RestApiTests@5978ca7c, testMethod = [null], testException = [null], mergedContextConfiguration = [WebMergedContextConfiguration@66713d50 testClass = RestApiTests, locations = '{}', classes = '{class com.nordigy.testrestapi.TestRestApiApplication}', contextInitializerClasses = '[]', activeProfiles = '{}', propertySourceLocations = '{}', propertySourceProperties = '{org.springframework.boot.test.context.SpringBootTestContextBootstrapper=true, server.port=0}', contextCustomizers = set[org.springframework.boot.test.context.filter.ExcludeFilterContextCustomizer@dcdebabc, org.springframework.boot.test.json.DuplicateJsonObjectContextCustomizerFactory$DuplicateJsonObjectContextCustomizer@974a0421, org.springframework.boot.test.mock.mockito.MockitoContextCustomizer@0, org.springframework.boot.test.web.client.TestRestTemplateContextCustomizer@5ac0f9d0, org.springframework.boot.test.autoconfigure.properties.PropertyMappingContextCustomizer@0, org.springframework.boot.test.autoconfigure.web.servlet.WebDriverContextCustomizerFactory$Customizer@b4fa2916, org.springframework.boot.test.context.SpringBootTestArgs@1], resourceBasePath = 'src/main/webapp', contextLoader = 'org.springframework.boot.test.context.SpringBootContextLoader', parent = [null]], attributes = map['org.springframework.test.context.web.ServletTestExecutionListener.activateListener' -> false]]].
01:38:25.581 [main] DEBUG org.springframework.test.context.support.TestPropertySourceUtils - Adding inlined properties to environment: {spring.jmx.enabled=false, org.springframework.boot.test.context.SpringBootTestContextBootstrapper=true, server.port=0}

  .   ____          _            __ _ _
 /\\ / ___'_ __ _ _(_)_ __  __ _ \ \ \ \
( ( )\___ | '_ | '_| | '_ \/ _` | \ \ \ \
 \\/  ___)| |_)| | | | | || (_| |  ) ) ) )
  '  |____| .__|_| |_|_| |_\__, | / / / /
 =========|_|==============|___/=/_/_/_/
 :: Spring Boot ::        (v2.3.1.RELEASE)

2020-07-11 01:38:26.558  INFO 12896 --- [           main] com.nordigy.testrestapi.RestApiTests     : Starting RestApiTests on DESKTOP-T9AOOCI with PID 12896 (started by windo in D:\work\Test task (Contact Center)\test-rest-api-master)
2020-07-11 01:38:26.577  INFO 12896 --- [           main] com.nordigy.testrestapi.RestApiTests     : No active profile set, falling back to default profiles: default
2020-07-11 01:38:30.336  INFO 12896 --- [           main] .s.d.r.c.RepositoryConfigurationDelegate : Bootstrapping Spring Data JPA repositories in DEFERRED mode.
2020-07-11 01:38:30.476  INFO 12896 --- [           main] .s.d.r.c.RepositoryConfigurationDelegate : Finished Spring Data repository scanning in 120ms. Found 1 JPA repository interfaces.
2020-07-11 01:38:32.916  INFO 12896 --- [           main] o.s.b.w.embedded.tomcat.TomcatWebServer  : Tomcat initialized with port(s): 0 (http)
2020-07-11 01:38:32.954  INFO 12896 --- [           main] o.apache.catalina.core.StandardService   : Starting service [Tomcat]
2020-07-11 01:38:32.956  INFO 12896 --- [           main] org.apache.catalina.core.StandardEngine  : Starting Servlet engine: [Apache Tomcat/9.0.36]
2020-07-11 01:38:33.376  INFO 12896 --- [           main] o.a.c.c.C.[Tomcat].[localhost].[/]       : Initializing Spring embedded WebApplicationContext
2020-07-11 01:38:33.376  INFO 12896 --- [           main] w.s.c.ServletWebServerApplicationContext : Root WebApplicationContext: initialization completed in 5287 ms
2020-07-11 01:38:34.039  INFO 12896 --- [           main] o.s.s.concurrent.ThreadPoolTaskExecutor  : Initializing ExecutorService 'applicationTaskExecutor'
2020-07-11 01:38:34.128  INFO 12896 --- [           main] com.zaxxer.hikari.HikariDataSource       : HikariPool-1 - Starting...
2020-07-11 01:38:34.591  INFO 12896 --- [           main] com.zaxxer.hikari.HikariDataSource       : HikariPool-1 - Start completed.
2020-07-11 01:38:34.783  INFO 12896 --- [         task-1] o.hibernate.jpa.internal.util.LogHelper  : HHH000204: Processing PersistenceUnitInfo [name: default]
2020-07-11 01:38:34.971  INFO 12896 --- [         task-1] org.hibernate.Version                    : HHH000412: Hibernate ORM core version 5.4.17.Final
2020-07-11 01:38:35.374  INFO 12896 --- [         task-1] o.hibernate.annotations.common.Version   : HCANN000001: Hibernate Commons Annotations {5.1.0.Final}
2020-07-11 01:38:35.713  WARN 12896 --- [           main] JpaBaseConfiguration$JpaWebConfiguration : spring.jpa.open-in-view is enabled by default. Therefore, database queries may be performed during view rendering. Explicitly configure spring.jpa.open-in-view to disable this warning
2020-07-11 01:38:35.842  INFO 12896 --- [         task-1] org.hibernate.dialect.Dialect            : HHH000400: Using dialect: org.hibernate.dialect.H2Dialect
2020-07-11 01:38:37.619  INFO 12896 --- [         task-1] o.h.e.t.j.p.i.JtaPlatformInitiator       : HHH000490: Using JtaPlatform implementation: [org.hibernate.engine.transaction.jta.platform.internal.NoJtaPlatform]
2020-07-11 01:38:37.637  INFO 12896 --- [         task-1] j.LocalContainerEntityManagerFactoryBean : Initialized JPA EntityManagerFactory for persistence unit 'default'
2020-07-11 01:38:39.114  INFO 12896 --- [           main] pertySourcedRequestMappingHandlerMapping : Mapped URL path [/v2/api-docs] onto method [springfox.documentation.swagger2.web.Swagger2ControllerWebMvc#getDocumentation(String, HttpServletRequest)]
2020-07-11 01:38:41.239  INFO 12896 --- [           main] o.s.b.w.embedded.tomcat.TomcatWebServer  : Tomcat started on port(s): 56566 (http) with context path ''
2020-07-11 01:38:41.242  INFO 12896 --- [           main] d.s.w.p.DocumentationPluginsBootstrapper : Documentation plugins bootstrapped
2020-07-11 01:38:41.252  INFO 12896 --- [           main] d.s.w.p.DocumentationPluginsBootstrapper : Found 1 custom documentation plugin(s)
2020-07-11 01:38:41.700  INFO 12896 --- [           main] s.d.s.w.s.ApiListingReferenceScanner     : Scanning for api listing references
2020-07-11 01:38:42.119  INFO 12896 --- [           main] DeferredRepositoryInitializationListener : Triggering deferred initialization of Spring Data repositories…
2020-07-11 01:38:42.121  INFO 12896 --- [           main] DeferredRepositoryInitializationListener : Spring Data repositories initialized!
2020-07-11 01:38:42.147  INFO 12896 --- [           main] com.nordigy.testrestapi.RestApiTests     : Started RestApiTests in 16.563 seconds (JVM running for 19.158)
2020-07-11 01:38:42.792  INFO 12896 --- [           main] c.n.testrestapi.init.DataInitializer     : User(id=1, firstName=Mark, lastName=Smith, email=workingemail-1@gmail.com, dayOfBirth=1995-07-11)
2020-07-11 01:38:42.794  INFO 12896 --- [           main] c.n.testrestapi.init.DataInitializer     : User(id=2, firstName=Alex, lastName=Erickson, email=workingemail-2@gmail.com, dayOfBirth=1953-07-11)
2020-07-11 01:38:42.794  INFO 12896 --- [           main] c.n.testrestapi.init.DataInitializer     : User(id=3, firstName=Nataly, lastName=Doe, email=workingemail-3@gmail.com, dayOfBirth=1936-07-11)
2020-07-11 01:38:42.795  INFO 12896 --- [           main] c.n.testrestapi.init.DataInitializer     : User(id=4, firstName=Mark, lastName=Doe, email=workingemail-4@gmail.com, dayOfBirth=1956-07-11)
2020-07-11 01:38:42.795  INFO 12896 --- [           main] c.n.testrestapi.init.DataInitializer     : User(id=5, firstName=Mark, lastName=Portman, email=workingemail-5@gmail.com, dayOfBirth=1936-07-11)
2020-07-11 01:38:42.795  INFO 12896 --- [           main] c.n.testrestapi.init.DataInitializer     : User(id=6, firstName=Nataly, lastName=Doe, email=workingemail-6@gmail.com, dayOfBirth=1963-07-11)
2020-07-11 01:38:42.796  INFO 12896 --- [           main] c.n.testrestapi.init.DataInitializer     : User(id=7, firstName=Mark, lastName=Smith, email=workingemail-7@gmail.com, dayOfBirth=1964-07-11)
2020-07-11 01:38:42.796  INFO 12896 --- [           main] c.n.testrestapi.init.DataInitializer     : User(id=8, firstName=Robert, lastName=Smith, email=workingemail-8@gmail.com, dayOfBirth=1983-07-11)
2020-07-11 01:38:42.797  INFO 12896 --- [           main] c.n.testrestapi.init.DataInitializer     : User(id=9, firstName=Mark, lastName=Roach, email=workingemail-9@gmail.com, dayOfBirth=1958-07-11)
2020-07-11 01:38:42.797  INFO 12896 --- [           main] c.n.testrestapi.init.DataInitializer     : User(id=10, firstName=Mark, lastName=Erickson, email=workingemail-10@gmail.com, dayOfBirth=1971-07-11)
2020-07-11 01:38:42.797  INFO 12896 --- [           main] c.n.testrestapi.init.DataInitializer     : User(id=11, firstName=Nataly, lastName=Portman, email=workingemail-11@gmail.com, dayOfBirth=1954-07-11)
2020-07-11 01:38:42.798  INFO 12896 --- [           main] c.n.testrestapi.init.DataInitializer     : User(id=12, firstName=Mary, lastName=Roach, email=workingemail-12@gmail.com, dayOfBirth=1980-07-11)
2020-07-11 01:38:42.798  INFO 12896 --- [           main] c.n.testrestapi.init.DataInitializer     : User(id=13, firstName=John, lastName=Roach, email=workingemail-13@gmail.com, dayOfBirth=1975-07-11)
2020-07-11 01:38:42.799  INFO 12896 --- [           main] c.n.testrestapi.init.DataInitializer     : User(id=14, firstName=Mary, lastName=Roach, email=workingemail-14@gmail.com, dayOfBirth=1981-07-11)
2020-07-11 01:38:42.800  INFO 12896 --- [           main] c.n.testrestapi.init.DataInitializer     : User(id=15, firstName=Robert, lastName=Li, email=workingemail-15@gmail.com, dayOfBirth=1940-07-11)
2020-07-11 01:38:42.800  INFO 12896 --- [           main] c.n.testrestapi.init.DataInitializer     : User(id=16, firstName=John, lastName=Roach, email=workingemail-16@gmail.com, dayOfBirth=1934-07-11)
2020-07-11 01:38:42.800  INFO 12896 --- [           main] c.n.testrestapi.init.DataInitializer     : User(id=17, firstName=Mary, lastName=Portman, email=workingemail-17@gmail.com, dayOfBirth=1981-07-11)
2020-07-11 01:38:42.802  INFO 12896 --- [           main] c.n.testrestapi.init.DataInitializer     : User(id=18, firstName=Robert, lastName=Doe, email=workingemail-18@gmail.com, dayOfBirth=1967-07-11)
2020-07-11 01:38:42.803  INFO 12896 --- [           main] c.n.testrestapi.init.DataInitializer     : User(id=19, firstName=Nataly, lastName=Doe, email=workingemail-19@gmail.com, dayOfBirth=1966-07-11)
2020-07-11 01:38:42.828  INFO 12896 --- [           main] c.n.testrestapi.init.DataInitializer     : User(id=20, firstName=Mark, lastName=Li, email=workingemail-20@gmail.com, dayOfBirth=1993-07-11)
2020-07-11 01:38:44.099  INFO 12896 --- [           main] j.LocalContainerEntityManagerFactoryBean : Closing JPA EntityManagerFactory for persistence unit 'default'
2020-07-11 01:38:44.099  INFO 12896 --- [           main] .SchemaDropperImpl$DelayedDropActionImpl : HHH000477: Starting delayed evictData of schema as part of SessionFactory shut-down'
2020-07-11 01:38:44.109  INFO 12896 --- [           main] o.s.s.concurrent.ThreadPoolTaskExecutor  : Shutting down ExecutorService 'applicationTaskExecutor'
2020-07-11 01:38:44.110  INFO 12896 --- [           main] com.zaxxer.hikari.HikariDataSource       : HikariPool-1 - Shutdown initiated...
2020-07-11 01:38:44.113  INFO 12896 --- [           main] com.zaxxer.hikari.HikariDataSource       : HikariPool-1 - Shutdown completed.

  .   ____          _            __ _ _
 /\\ / ___'_ __ _ _(_)_ __  __ _ \ \ \ \
( ( )\___ | '_ | '_| | '_ \/ _` | \ \ \ \
 \\/  ___)| |_)| | | | | || (_| |  ) ) ) )
  '  |____| .__|_| |_|_| |_\__, | / / / /
 =========|_|==============|___/=/_/_/_/
 :: Spring Boot ::        (v2.3.1.RELEASE)

2020-07-11 01:38:44.174  INFO 12896 --- [           main] com.nordigy.testrestapi.RestApiTests     : Starting RestApiTests on DESKTOP-T9AOOCI with PID 12896 (started by windo in D:\work\Test task (Contact Center)\test-rest-api-master)
2020-07-11 01:38:44.176  INFO 12896 --- [           main] com.nordigy.testrestapi.RestApiTests     : No active profile set, falling back to default profiles: default
2020-07-11 01:38:45.255  INFO 12896 --- [           main] .s.d.r.c.RepositoryConfigurationDelegate : Bootstrapping Spring Data JPA repositories in DEFERRED mode.
2020-07-11 01:38:45.274  INFO 12896 --- [           main] .s.d.r.c.RepositoryConfigurationDelegate : Finished Spring Data repository scanning in 17ms. Found 1 JPA repository interfaces.
2020-07-11 01:38:45.691  INFO 12896 --- [           main] o.s.b.w.embedded.tomcat.TomcatWebServer  : Tomcat initialized with port(s): 0 (http)
2020-07-11 01:38:45.695  INFO 12896 --- [           main] o.apache.catalina.core.StandardService   : Starting service [Tomcat]
2020-07-11 01:38:45.696  INFO 12896 --- [           main] org.apache.catalina.core.StandardEngine  : Starting Servlet engine: [Apache Tomcat/9.0.36]
2020-07-11 01:38:45.753  INFO 12896 --- [           main] o.a.c.c.C.[Tomcat].[localhost].[/]       : Initializing Spring embedded WebApplicationContext
2020-07-11 01:38:45.753  INFO 12896 --- [           main] w.s.c.ServletWebServerApplicationContext : Root WebApplicationContext: initialization completed in 1571 ms
2020-07-11 01:38:45.980  INFO 12896 --- [           main] o.s.s.concurrent.ThreadPoolTaskExecutor  : Initializing ExecutorService 'applicationTaskExecutor'
2020-07-11 01:38:45.988  INFO 12896 --- [           main] com.zaxxer.hikari.HikariDataSource       : HikariPool-2 - Starting...
2020-07-11 01:38:45.995  INFO 12896 --- [           main] com.zaxxer.hikari.HikariDataSource       : HikariPool-2 - Start completed.
2020-07-11 01:38:46.019  INFO 12896 --- [         task-1] o.hibernate.jpa.internal.util.LogHelper  : HHH000204: Processing PersistenceUnitInfo [name: default]
2020-07-11 01:38:46.036  INFO 12896 --- [         task-1] org.hibernate.dialect.Dialect            : HHH000400: Using dialect: org.hibernate.dialect.H2Dialect
2020-07-11 01:38:46.272  INFO 12896 --- [         task-1] o.h.e.t.j.p.i.JtaPlatformInitiator       : HHH000490: Using JtaPlatform implementation: [org.hibernate.engine.transaction.jta.platform.internal.NoJtaPlatform]
2020-07-11 01:38:46.276  INFO 12896 --- [         task-1] j.LocalContainerEntityManagerFactoryBean : Initialized JPA EntityManagerFactory for persistence unit 'default'
2020-07-11 01:38:46.565  WARN 12896 --- [           main] JpaBaseConfiguration$JpaWebConfiguration : spring.jpa.open-in-view is enabled by default. Therefore, database queries may be performed during view rendering. Explicitly configure spring.jpa.open-in-view to disable this warning
2020-07-11 01:38:47.441  INFO 12896 --- [           main] pertySourcedRequestMappingHandlerMapping : Mapped URL path [/v2/api-docs] onto method [springfox.documentation.swagger2.web.Swagger2ControllerWebMvc#getDocumentation(String, HttpServletRequest)]
2020-07-11 01:38:48.447  INFO 12896 --- [           main] o.s.b.w.embedded.tomcat.TomcatWebServer  : Tomcat started on port(s): 56574 (http) with context path ''
2020-07-11 01:38:48.449  INFO 12896 --- [           main] d.s.w.p.DocumentationPluginsBootstrapper : Documentation plugins bootstrapped
2020-07-11 01:38:48.452  INFO 12896 --- [           main] d.s.w.p.DocumentationPluginsBootstrapper : Found 1 custom documentation plugin(s)
2020-07-11 01:38:48.537  INFO 12896 --- [           main] s.d.s.w.s.ApiListingReferenceScanner     : Scanning for api listing references
2020-07-11 01:38:48.656  INFO 12896 --- [           main] DeferredRepositoryInitializationListener : Triggering deferred initialization of Spring Data repositories…
2020-07-11 01:38:48.657  INFO 12896 --- [           main] DeferredRepositoryInitializationListener : Spring Data repositories initialized!
2020-07-11 01:38:48.671  INFO 12896 --- [           main] com.nordigy.testrestapi.RestApiTests     : Started RestApiTests in 4.553 seconds (JVM running for 25.682)
2020-07-11 01:38:48.765  INFO 12896 --- [           main] c.n.testrestapi.init.DataInitializer     : User(id=1, firstName=John, lastName=Li, email=workingemail-1@gmail.com, dayOfBirth=1944-07-11)
2020-07-11 01:38:48.766  INFO 12896 --- [           main] c.n.testrestapi.init.DataInitializer     : User(id=2, firstName=Mary, lastName=Smith, email=workingemail-2@gmail.com, dayOfBirth=1964-07-11)
2020-07-11 01:38:48.768  INFO 12896 --- [           main] c.n.testrestapi.init.DataInitializer     : User(id=3, firstName=Robert, lastName=Erickson, email=workingemail-3@gmail.com, dayOfBirth=1961-07-11)
2020-07-11 01:38:48.772  INFO 12896 --- [           main] c.n.testrestapi.init.DataInitializer     : User(id=4, firstName=Robert, lastName=Li, email=workingemail-4@gmail.com, dayOfBirth=1948-07-11)
2020-07-11 01:38:48.774  INFO 12896 --- [           main] c.n.testrestapi.init.DataInitializer     : User(id=5, firstName=Mark, lastName=Doe, email=workingemail-5@gmail.com, dayOfBirth=1954-07-11)
2020-07-11 01:38:48.776  INFO 12896 --- [           main] c.n.testrestapi.init.DataInitializer     : User(id=6, firstName=Mark, lastName=Li, email=workingemail-6@gmail.com, dayOfBirth=1937-07-11)
2020-07-11 01:38:48.778  INFO 12896 --- [           main] c.n.testrestapi.init.DataInitializer     : User(id=7, firstName=John, lastName=Smith, email=workingemail-7@gmail.com, dayOfBirth=1988-07-11)
2020-07-11 01:38:48.780  INFO 12896 --- [           main] c.n.testrestapi.init.DataInitializer     : User(id=8, firstName=John, lastName=Li, email=workingemail-8@gmail.com, dayOfBirth=1997-07-11)
2020-07-11 01:38:48.783  INFO 12896 --- [           main] c.n.testrestapi.init.DataInitializer     : User(id=9, firstName=Alex, lastName=Li, email=workingemail-9@gmail.com, dayOfBirth=1988-07-11)
2020-07-11 01:38:48.784  INFO 12896 --- [           main] c.n.testrestapi.init.DataInitializer     : User(id=10, firstName=Nataly, lastName=Li, email=workingemail-10@gmail.com, dayOfBirth=1974-07-11)
2020-07-11 01:38:48.786  INFO 12896 --- [           main] c.n.testrestapi.init.DataInitializer     : User(id=11, firstName=Mark, lastName=Smith, email=workingemail-11@gmail.com, dayOfBirth=1976-07-11)
2020-07-11 01:38:48.787  INFO 12896 --- [           main] c.n.testrestapi.init.DataInitializer     : User(id=12, firstName=Robert, lastName=Roach, email=workingemail-12@gmail.com, dayOfBirth=1944-07-11)
2020-07-11 01:38:48.789  INFO 12896 --- [           main] c.n.testrestapi.init.DataInitializer     : User(id=13, firstName=Mary, lastName=Erickson, email=workingemail-13@gmail.com, dayOfBirth=1970-07-11)
2020-07-11 01:38:48.792  INFO 12896 --- [           main] c.n.testrestapi.init.DataInitializer     : User(id=14, firstName=John, lastName=Smith, email=workingemail-14@gmail.com, dayOfBirth=1955-07-11)
2020-07-11 01:38:48.793  INFO 12896 --- [           main] c.n.testrestapi.init.DataInitializer     : User(id=15, firstName=Nataly, lastName=Erickson, email=workingemail-15@gmail.com, dayOfBirth=1936-07-11)
2020-07-11 01:38:48.795  INFO 12896 --- [           main] c.n.testrestapi.init.DataInitializer     : User(id=16, firstName=Robert, lastName=Li, email=workingemail-16@gmail.com, dayOfBirth=1982-07-11)
2020-07-11 01:38:48.796  INFO 12896 --- [           main] c.n.testrestapi.init.DataInitializer     : User(id=17, firstName=John, lastName=Roach, email=workingemail-17@gmail.com, dayOfBirth=1955-07-11)
2020-07-11 01:38:48.798  INFO 12896 --- [           main] c.n.testrestapi.init.DataInitializer     : User(id=18, firstName=Nataly, lastName=Portman, email=workingemail-18@gmail.com, dayOfBirth=1966-07-11)
2020-07-11 01:38:48.799  INFO 12896 --- [           main] c.n.testrestapi.init.DataInitializer     : User(id=19, firstName=Mark, lastName=Li, email=workingemail-19@gmail.com, dayOfBirth=1936-07-11)
2020-07-11 01:38:48.801  INFO 12896 --- [           main] c.n.testrestapi.init.DataInitializer     : User(id=20, firstName=John, lastName=Doe, email=workingemail-20@gmail.com, dayOfBirth=1936-07-11)
Request method:	POST
Request URI:	http://localhost:56574/api/users
Proxy:			<none>
Request params:	<none>
Query params:	<none>
Form params:	<none>
Path params:	<none>
Headers:		Accept=*/*
				Content-Type=application/json; charset=UTF-8
Cookies:		<none>
Multiparts:		<none>
Body:
{
    "firstName": "Ivan",
    "lastName": "Ivanov",
    "dayOfBirth": "2000-01-01",
    "email": "asdas@asdas.tr"
}
2020-07-11 01:38:50.770  INFO 12896 --- [o-auto-2-exec-1] o.a.c.c.C.[Tomcat].[localhost].[/]       : Initializing Spring DispatcherServlet 'dispatcherServlet'
2020-07-11 01:38:50.771  INFO 12896 --- [o-auto-2-exec-1] o.s.web.servlet.DispatcherServlet        : Initializing Servlet 'dispatcherServlet'
2020-07-11 01:38:50.801  INFO 12896 --- [o-auto-2-exec-1] o.s.web.servlet.DispatcherServlet        : Completed initialization in 30 ms
]]></system-out>
  </testcase>
  <testcase name="shouldReturnCorrectUsersListSize" classname="com.nordigy.testrestapi.RestApiTests" time="7.196"/>
</testsuite>